TN:
SF:/home/net-bielskusma/Documents/cgware/reverse/tmp/ext/cutils/src/buf.c
FN:8,buf_init
FNDA:432,buf_init
FN:26,buf_free
FNDA:416,buf_free
FN:38,buf_reset
FNDA:80,buf_reset
FN:51,buf_resize
FNDA:884,buf_resize
FN:69,buf_add
FNDA:856,buf_add
FN:87,buf_adds
FNDA:312,buf_adds
FN:102,buf_get
FNDA:2072,buf_get
FN:116,buf_gets
FNDA:1684,buf_gets
FN:125,buf_replace
FNDA:316,buf_replace
FN:141,buf_print
FNDA:8,buf_print
DA:8,432
DA:10,432
DA:11,4
DA:14,428
DA:15,428
DA:16,20
DA:17,20
DA:20,408
DA:21,408
DA:22,408
DA:23,408
DA:26,416
DA:28,416
DA:29,8
DA:32,408
DA:33,408
DA:34,408
DA:35,408
DA:38,80
DA:40,80
DA:41,8
DA:44,72
DA:45,8
DA:48,72
DA:51,884
DA:53,884
DA:54,0
DA:57,884
DA:58,280
DA:61,604
DA:62,80
DA:63,80
DA:66,524
DA:69,856
DA:71,856
DA:72,68
DA:75,788
DA:76,0
DA:79,788
DA:80,788
DA:81,508
DA:83,788
DA:84,788
DA:87,312
DA:90,312
DA:91,16
DA:94,296
DA:95,296
DA:96,296
DA:99,296
DA:102,2072
DA:104,2072
DA:105,8
DA:108,2064
DA:109,28
DA:110,28
DA:113,2036
DA:116,1684
DA:118,1684
DA:119,4
DA:122,1680
DA:125,316
DA:127,316
DA:128,4
DA:131,312
DA:132,20
DA:135,292
DA:137,292
DA:138,292
DA:141,8
DA:143,8
DA:144,4
DA:147,4
DA:149,4
DA:150,132
DA:151,128
DA:152,128
DA:153,8
DA:154,4
DA:156,120
DA:157,8
DA:161,4
DA:162,4
end_of_record
TN:
SF:/home/net-bielskusma/Documents/cgware/reverse/tmp/ext/cutils/src/tree.c
FN:10,tree_init
FNDA:136,tree_init
FN:15,tree_free
FNDA:136,tree_free
FN:20,tree_reset
FNDA:12,tree_reset
FN:42,tree_node
FNDA:816,tree_node
FN:59,tree_add
FNDA:688,tree_add
FN:84,tree_app
FNDA:24,tree_app
FN:98,tree_remove
FNDA:16,tree_remove
FN:114,tree_get
FNDA:1260,tree_get
FN:129,tree_get_child
FNDA:668,tree_get_child
FN:152,tree_get_next
FNDA:32680,tree_get_next
FN:158,node_iterate_pre
FNDA:48,node_iterate_pre
FN:184,tree_iterate_pre
FNDA:28,tree_iterate_pre
FN:189,tree_iterate_childs
FNDA:20,tree_iterate_childs
FN:206,tree_print
FNDA:24,tree_print
FN:234,tree_it_begin
FNDA:40,tree_it_begin
FN:248,tree_it_next
FNDA:576,tree_it_next
DA:10,136
DA:12,136
DA:15,136
DA:17,136
DA:18,136
DA:20,12
DA:22,12
DA:23,4
DA:26,8
DA:27,4
DA:30,8
DA:32,8
DA:33,16
DA:35,8
DA:36,8
DA:37,8
DA:42,816
DA:44,816
DA:45,4
DA:48,812
DA:49,812
DA:50,4
DA:51,4
DA:54,808
DA:56,808
DA:59,688
DA:61,688
DA:62,4
DA:65,684
DA:66,684
DA:67,4
DA:68,4
DA:71,680
DA:72,4
DA:73,4
DA:76,676
DA:77,624
DA:78,624
DA:81,52
DA:84,24
DA:86,24
DA:87,4
DA:90,20
DA:91,8
DA:92,8
DA:95,12
DA:98,16
DA:100,16
DA:101,4
DA:104,44
DA:105,32
DA:106,32
DA:107,4
DA:111,12
DA:114,1260
DA:116,1260
DA:117,8
DA:120,1252
DA:121,1252
DA:122,8
DA:123,8
DA:126,1244
DA:129,668
DA:131,668
DA:132,4
DA:135,664
DA:136,664
DA:137,8
DA:138,8
DA:141,656
DA:142,656
DA:145,656
DA:146,60
DA:149,596
DA:152,32680
DA:154,32680
DA:155,32680
DA:158,48
DA:160,48
DA:161,48
DA:162,8
DA:165,40
DA:166,36
DA:170,40
DA:171,24
DA:175,36
DA:176,20
DA:177,20
DA:178,20
DA:181,16
DA:184,28
DA:186,28
DA:189,20
DA:192,20
DA:193,4
DA:197,40
DA:198,24
DA:199,24
DA:200,24
DA:203,16
DA:206,24
DA:208,24
DA:209,16
DA:212,8
DA:215,540
DA:218,32548
DA:219,32016
DA:220,32016
DA:223,532
DA:224,524
DA:225,524
DA:228,532
DA:231,8
DA:234,40
DA:236,40
DA:237,4
DA:240,36
DA:241,36
DA:242,36
DA:243,36
DA:245,36
DA:248,576
DA:250,576
DA:251,8
DA:254,568
DA:257,568
DA:258,540
DA:259,4
DA:260,4
DA:261,4
DA:263,536
DA:265,56
DA:269,564
end_of_record
TN:
SF:/home/net-bielskusma/Documents/cgware/reverse/tmp/ext/cutils/src/args.c
FN:6,print_usage_line
FNDA:84,print_usage_line
FN:48,print_usage
FNDA:48,print_usage
FN:82,print_no_param
FNDA:12,print_no_param
FN:95,print_unknown_param
FNDA:8,print_unknown_param
FN:116,find_short_opt
FNDA:80,find_short_opt
FN:128,find_long_opt
FNDA:44,find_long_opt
FN:140,find_enum_val
FNDA:16,find_enum_val
FN:152,parse_param
FNDA:88,parse_param
FN:195,args_parse
FNDA:168,args_parse
DA:6,84
DA:8,84
DA:10,84
DA:11,80
DA:13,4
DA:16,84
DA:17,80
DA:18,80
DA:20,4
DA:23,84
DA:25,84
DA:26,4
DA:28,80
DA:29,4
DA:30,4
DA:31,4
DA:32,4
DA:34,4
DA:35,4
DA:36,4
DA:37,4
DA:38,4
DA:39,4
DA:41,64
DA:45,84
DA:48,48
DA:50,48
DA:52,48
DA:58,48
DA:59,48
DA:61,48
DA:62,84
DA:63,36
DA:66,84
DA:67,36
DA:68,32
DA:71,4
DA:72,4
DA:73,16
DA:74,12
DA:75,12
DA:79,48
DA:82,12
DA:84,12
DA:86,12
DA:87,4
DA:89,8
DA:92,12
DA:95,8
DA:97,8
DA:99,8
DA:100,4
DA:102,4
DA:103,4
DA:104,4
DA:105,4
DA:109,4
DA:110,4
DA:113,8
DA:116,80
DA:118,80
DA:119,88
DA:120,80
DA:121,72
DA:125,8
DA:128,44
DA:130,44
DA:131,44
DA:132,36
DA:133,36
DA:137,8
DA:140,16
DA:142,16
DA:143,56
DA:144,48
DA:145,8
DA:149,8
DA:152,88
DA:154,88
DA:155,16
DA:156,16
DA:157,16
DA:158,16
DA:159,12
DA:160,12
DA:161,12
DA:162,12
DA:163,20
DA:164,20
DA:165,4
DA:167,16
DA:168,16
DA:169,20
DA:170,20
DA:171,4
DA:174,16
DA:175,8
DA:176,4
DA:177,4
DA:179,12
DA:180,12
DA:181,16
DA:182,16
DA:183,16
DA:184,8
DA:185,8
DA:187,8
DA:188,8
DA:189,4
DA:192,68
DA:195,168
DA:197,168
DA:198,168
DA:200,328
DA:201,248
DA:202,88
DA:203,12
DA:204,12
DA:206,76
DA:207,72
DA:208,20
DA:210,52
DA:211,52
DA:214,4
DA:215,4
DA:219,172
DA:220,8
DA:221,8
DA:224,164
DA:225,48
DA:226,4
DA:227,4
DA:229,44
DA:230,44
DA:231,116
DA:232,36
DA:233,36
DA:235,80
DA:236,80
DA:239,124
DA:240,16
DA:241,16
DA:245,80
DA:246,12
DA:247,4
DA:249,8
DA:250,8
DA:254,72
DA:255,144
DA:256,76
DA:257,8
DA:259,4
DA:260,4
DA:261,4
DA:262,4
DA:266,68
end_of_record
TN:
SF:/home/net-bielskusma/Documents/cgware/reverse/tmp/ext/cutils/src/log.c
FN:13,log_std_cb
FNDA:44,log_std_cb
FN:63,log_set
FNDA:148,log_set
FN:72,log_get
FNDA:8,log_get
FN:77,log_level_str
FNDA:8,log_level_str
FN:82,log_set_level
FNDA:12,log_set_level
FN:95,log_set_quiet
FNDA:1172,log_set_quiet
FN:108,log_set_header
FNDA:12,log_set_header
FN:121,log_add_callback
FNDA:196,log_add_callback
FN:147,log_remove_callback
FNDA:64,log_remove_callback
FN:158,init_event
FNDA:172,init_event
FN:171,log_log
FNDA:2804,log_log
FN:287,log_strerror
FNDA:8,log_strerror
DA:13,44
DA:15,44
DA:16,44
DA:17,44
DA:18,44
DA:19,8
DA:20,8
DA:21,8
DA:24,44
DA:26,44
DA:27,36
DA:28,4
DA:30,4
DA:31,4
DA:32,4
DA:41,32
DA:43,32
DA:44,32
DA:54,8
DA:57,44
DA:58,44
DA:60,44
DA:63,148
DA:65,148
DA:67,148
DA:69,148
DA:72,8
DA:74,8
DA:77,8
DA:79,8
DA:82,12
DA:84,12
DA:85,4
DA:88,8
DA:90,8
DA:92,8
DA:95,1172
DA:97,1172
DA:98,4
DA:101,1168
DA:103,1168
DA:105,1168
DA:108,12
DA:110,12
DA:111,4
DA:114,8
DA:116,8
DA:118,8
DA:121,196
DA:123,196
DA:124,4
DA:127,2316
DA:128,2312
DA:129,2124
DA:132,188
DA:141,188
DA:144,4
DA:147,64
DA:149,64
DA:150,4
DA:153,60
DA:155,60
DA:158,172
DA:160,172
DA:161,48
DA:164,172
DA:165,172
DA:166,172
DA:168,172
DA:171,2804
DA:173,2804
DA:174,8
DA:177,2796
DA:187,5716
DA:188,2920
DA:189,2920
DA:190,2748
DA:193,172
DA:194,172
DA:195,172
DA:196,172
DA:199,2796
DA:287,8
DA:289,8
DA:290,4
DA:293,4
end_of_record
TN:
SF:/home/net-bielskusma/Documents/cgware/reverse/tmp/ext/cutils/src/mem.c
FN:11,get_max_unit
FNDA:48,get_max_unit
FN:24,print_mem
FNDA:48,print_mem
FN:43,mem_print
FNDA:20,mem_print
FN:65,mem_check
FNDA:12,mem_check
FN:78,mem_alloc
FNDA:1480,mem_alloc
FN:96,mem_calloc
FNDA:28,mem_calloc
FN:114,mem_realloc
FNDA:1172,mem_realloc
FN:147,mem_set
FNDA:12,mem_set
FN:156,mem_copy
FNDA:1168,mem_copy
FN:169,mem_move
FNDA:312,mem_move
FN:182,mem_replace
FNDA:308,mem_replace
FN:201,mem_cmp
FNDA:1860,mem_cmp
FN:206,mem_swap
FNDA:60,mem_swap
FN:224,mem_free
FNDA:1296,mem_free
FN:235,mem_oom
FNDA:368,mem_oom
DA:11,48
DA:13,48
DA:14,16
DA:15,16
DA:18,48
DA:19,4
DA:20,4
DA:22,48
DA:24,48
DA:26,48
DA:28,48
DA:30,48
DA:32,48
DA:34,48
DA:35,32
DA:37,16
DA:40,48
DA:43,20
DA:45,20
DA:46,20
DA:47,4
DA:50,16
DA:52,16
DA:53,16
DA:54,16
DA:55,16
DA:56,16
DA:57,16
DA:58,16
DA:59,16
DA:60,16
DA:62,16
DA:65,12
DA:67,12
DA:68,12
DA:69,8
DA:72,4
DA:73,4
DA:78,1480
DA:80,1480
DA:81,108
DA:84,1480
DA:86,1480
DA:87,116
DA:88,116
DA:91,1364
DA:93,1364
DA:96,28
DA:98,28
DA:99,4
DA:102,28
DA:104,28
DA:105,4
DA:106,4
DA:109,24
DA:111,24
DA:114,1172
DA:116,1172
DA:117,4
DA:118,4
DA:121,1168
DA:122,12
DA:124,1156
DA:127,1168
DA:128,8
DA:131,1160
DA:132,160
DA:135,1000
DA:137,1000
DA:138,104
DA:139,104
DA:142,896
DA:144,896
DA:147,12
DA:149,12
DA:150,4
DA:153,8
DA:156,1168
DA:158,1168
DA:159,4
DA:160,4
DA:165,1164
DA:169,312
DA:171,312
DA:172,4
DA:173,4
DA:178,308
DA:182,308
DA:184,308
DA:185,4
DA:188,304
DA:189,4
DA:190,4
DA:193,300
DA:194,300
DA:195,28
DA:198,300
DA:201,1860
DA:203,1860
DA:206,60
DA:208,60
DA:209,8
DA:212,52
DA:213,52
DA:215,372
DA:216,320
DA:217,320
DA:218,320
DA:221,52
DA:224,1296
DA:226,1296
DA:227,4
DA:230,1292
DA:232,1292
DA:235,368
DA:237,368
DA:238,368
DA:239,368
end_of_record
TN:
SF:/home/net-bielskusma/Documents/cgware/reverse/tmp/ext/cutils/src/dict.c
FN:8,dict_init
FNDA:20,dict_init
FN:27,dict_free
FNDA:16,dict_free
FN:36,resize_entry
FNDA:16,resize_entry
FN:51,dict_resize
FNDA:8,dict_resize
FN:71,hash_data
FNDA:40,hash_data
FN:99,find_entry
FNDA:40,find_entry
FN:114,dict_set
FNDA:40,dict_set
FN:140,dict_get
FNDA:8,dict_get
DA:8,20
DA:10,20
DA:11,4
DA:14,16
DA:15,16
DA:16,4
DA:19,12
DA:20,12
DA:21,12
DA:22,12
DA:24,12
DA:27,16
DA:29,16
DA:30,4
DA:33,12
DA:36,16
DA:38,16
DA:39,4
DA:40,20
DA:42,20
DA:43,16
DA:44,16
DA:47,4
DA:51,8
DA:53,8
DA:54,8
DA:56,8
DA:57,8
DA:59,8
DA:62,16
DA:63,16
DA:64,16
DA:66,8
DA:67,8
DA:71,40
DA:73,40
DA:74,40
DA:75,44
DA:76,4
DA:77,4
DA:78,4
DA:79,4
DA:82,40
DA:83,40
DA:84,4
DA:85,8
DA:86,16
DA:87,16
DA:88,36
DA:89,36
DA:90,36
DA:91,36
DA:92,36
DA:93,36
DA:96,40
DA:99,40
DA:101,40
DA:103,20
DA:104,60
DA:106,60
DA:107,40
DA:110,20
DA:114,40
DA:116,40
DA:117,4
DA:120,36
DA:121,8
DA:124,36
DA:125,36
DA:126,36
DA:127,32
DA:128,32
DA:129,32
DA:131,32
DA:133,32
DA:134,32
DA:135,32
DA:137,36
DA:140,8
DA:142,8
DA:143,4
DA:146,4
DA:147,4
DA:149,4
DA:150,4
DA:153,4
end_of_record
TN:
SF:/home/net-bielskusma/Documents/cgware/reverse/tmp/ext/cutils/src/proc.c
FN:12,op_cmd
FNDA:12,op_cmd
FN:22,vp_cmd
FNDA:12,vp_cmd
FN:45,proc_init
FNDA:20,proc_init
FN:62,proc_free
FNDA:16,proc_free
FN:73,proc_cmd
FNDA:28,proc_cmd
DA:12,12
DA:15,12
DA:16,12
DA:17,8
DA:19,12
DA:22,12
DA:24,12
DA:25,4
DA:28,8
DA:29,8
DA:31,8
DA:45,20
DA:47,20
DA:48,4
DA:51,16
DA:52,12
DA:53,12
DA:54,4
DA:57,12
DA:59,12
DA:62,16
DA:64,16
DA:65,4
DA:68,12
DA:69,8
DA:73,28
DA:75,28
DA:76,4
DA:79,24
end_of_record
TN:
SF:/home/net-bielskusma/Documents/cgware/reverse/tmp/ext/cutils/src/loc.c
FN:3,loc_eq
FNDA:16,loc_eq
DA:3,16
DA:5,16
end_of_record
TN:
SF:/home/net-bielskusma/Documents/cgware/reverse/tmp/ext/cutils/src/strvbuf.c
FN:5,strvbuf_init
FNDA:164,strvbuf_init
FN:19,strvbuf_free
FNDA:152,strvbuf_free
FN:24,strvbuf_reset
FNDA:72,strvbuf_reset
FN:29,strvbuf_add
FNDA:272,strvbuf_add
FN:51,strvbuf_get
FNDA:316,strvbuf_get
FN:69,strvbuf_set
FNDA:24,strvbuf_set
FN:92,strvbuf_app
FNDA:24,strvbuf_app
DA:5,164
DA:7,164
DA:8,4
DA:11,160
DA:12,12
DA:13,12
DA:16,148
DA:19,152
DA:21,152
DA:22,152
DA:24,72
DA:26,72
DA:27,72
DA:29,272
DA:31,272
DA:32,4
DA:35,268
DA:37,268
DA:38,44
DA:39,44
DA:42,224
DA:43,0
DA:44,0
DA:45,0
DA:48,224
DA:51,316
DA:53,316
DA:54,4
DA:57,312
DA:58,312
DA:59,8
DA:60,8
DA:63,304
DA:64,304
DA:65,304
DA:69,24
DA:71,24
DA:72,4
DA:75,20
DA:76,20
DA:77,4
DA:78,4
DA:81,16
DA:82,8
DA:83,8
DA:86,8
DA:87,8
DA:89,8
DA:92,24
DA:94,24
DA:95,4
DA:98,20
DA:99,20
DA:100,4
DA:101,4
DA:104,16
DA:105,8
DA:106,8
DA:109,8
DA:110,8
DA:112,8
end_of_record
TN:
SF:/home/net-bielskusma/Documents/cgware/reverse/tmp/ext/cutils/src/fs.c
FN:69,ofs_open
FNDA:84,ofs_open
FN:75,path_trim
FNDA:1648,path_trim
FN:88,find_node
FNDA:996,find_node
FN:109,vfs_open
FNDA:116,vfs_open
FN:162,ofs_close
FNDA:56,ofs_close
FN:168,vfs_close
FNDA:76,vfs_close
FN:187,ofs_write
FNDA:24,ofs_write
FN:193,vfs_write
FNDA:48,vfs_write
FN:217,ofs_readb
FNDA:0,ofs_readb
FN:223,vfs_readb
FNDA:0,vfs_readb
FN:234,ofs_reads
FNDA:8,ofs_reads
FN:240,vfs_reads
FNDA:12,vfs_reads
FN:251,ofs_du
FNDA:20,ofs_du
FN:257,vfs_du
FNDA:28,vfs_du
FN:274,ofs_isdir
FNDA:96,ofs_isdir
FN:280,vfs_isdir
FNDA:196,vfs_isdir
FN:295,ofs_isfile
FNDA:24,ofs_isfile
FN:301,vfs_isfile
FNDA:28,vfs_isfile
FN:316,ofs_mkdir
FNDA:140,ofs_mkdir
FN:322,vfs_mkdir
FNDA:168,vfs_mkdir
FN:356,ofs_mkfile
FNDA:112,ofs_mkfile
FN:362,vfs_mkfile
FNDA:140,vfs_mkfile
FN:398,ofs_rmdir
FNDA:128,ofs_rmdir
FN:404,rmnode
FNDA:272,rmnode
FN:420,vfs_rmdir
FNDA:152,vfs_rmdir
FN:454,ofs_rmfile
FNDA:124,ofs_rmfile
FN:460,vfs_rmfile
FNDA:152,vfs_rmfile
FN:482,ofs_getcwd
FNDA:16,ofs_getcwd
FN:493,vfs_getcwd
FNDA:16,vfs_getcwd
FN:512,ofs_lsdir
FNDA:20,ofs_lsdir
FN:530,vfs_lsdir
FNDA:24,vfs_lsdir
FN:564,ofs_lsfile
FNDA:44,ofs_lsfile
FN:582,vfs_lsfile
FNDA:48,vfs_lsfile
FN:655,fs_init
FNDA:412,fs_init
FN:671,fs_free
FNDA:408,fs_free
FN:690,fs_open
FNDA:204,fs_open
FN:705,fs_close
FNDA:136,fs_close
FN:720,fs_write
FNDA:76,fs_write
FN:735,fs_readb
FNDA:0,fs_readb
FN:769,fs_reads
FNDA:44,fs_reads
FN:811,fs_du
FNDA:52,fs_du
FN:825,fs_isdir
FNDA:204,fs_isdir
FN:835,fs_isfile
FNDA:60,fs_isfile
FN:845,fs_mkdir
FNDA:312,fs_mkdir
FN:860,fs_mkfile
FNDA:256,fs_mkfile
FN:875,fs_mkpath
FNDA:28,fs_mkpath
FN:905,fs_rmdir
FNDA:284,fs_rmdir
FN:920,fs_rmfile
FNDA:280,fs_rmfile
FN:935,fs_rmpath
FNDA:28,fs_rmpath
FN:983,fs_getcwd
FNDA:44,fs_getcwd
FN:997,fs_lsdir
FNDA:52,fs_lsdir
FN:1017,fs_lsfile
FNDA:100,fs_lsfile
FN:1037,dputs_fs
FNDA:8,dputs_fs
FN:1046,dputv_fs
FNDA:8,dputv_fs
DA:69,84
DA:72,84
DA:75,1648
DA:77,1648
DA:78,468
DA:81,1180
DA:82,16
DA:85,1180
DA:88,996
DA:90,996
DA:92,1804
DA:94,1348
DA:95,40
DA:98,1308
DA:99,540
DA:100,520
DA:102,540
DA:106,456
DA:109,116
DA:111,116
DA:112,8
DA:115,108
DA:116,104
DA:118,104
DA:119,4
DA:123,104
DA:124,104
DA:126,72
DA:127,72
DA:129,72
DA:130,48
DA:131,48
DA:132,48
DA:133,4
DA:135,44
DA:136,44
DA:138,24
DA:142,76
DA:143,4
DA:146,72
DA:147,56
DA:150,72
DA:151,24
DA:152,48
DA:153,48
DA:156,72
DA:158,72
DA:159,72
DA:162,56
DA:165,56
DA:168,76
DA:170,76
DA:171,4
DA:174,72
DA:176,72
DA:177,72
DA:178,4
DA:181,68
DA:182,68
DA:184,68
DA:187,24
DA:190,24
DA:193,48
DA:195,48
DA:196,4
DA:199,44
DA:201,44
DA:202,44
DA:203,12
DA:206,32
DA:207,4
DA:210,28
DA:211,4
DA:214,24
DA:217,0
DA:220,0
DA:223,0
DA:225,0
DA:227,0
DA:229,0
DA:231,0
DA:234,8
DA:237,8
DA:240,12
DA:242,12
DA:244,12
DA:246,12
DA:248,12
DA:251,20
DA:254,20
DA:257,28
DA:259,28
DA:260,4
DA:263,24
DA:265,24
DA:266,24
DA:267,4
DA:270,20
DA:271,20
DA:274,96
DA:277,96
DA:280,196
DA:283,196
DA:284,196
DA:285,60
DA:288,136
DA:289,12
DA:292,124
DA:295,24
DA:298,24
DA:301,28
DA:304,28
DA:305,28
DA:306,16
DA:309,12
DA:310,4
DA:313,8
DA:316,140
DA:319,140
DA:322,168
DA:324,168
DA:325,8
DA:328,160
DA:329,8
DA:333,152
DA:334,152
DA:335,152
DA:336,8
DA:339,144
DA:341,144
DA:342,144
DA:343,4
DA:346,140
DA:347,4
DA:348,4
DA:351,136
DA:353,136
DA:356,112
DA:359,112
DA:362,140
DA:364,140
DA:365,8
DA:368,132
DA:369,132
DA:370,12
DA:374,120
DA:375,120
DA:376,120
DA:377,8
DA:380,112
DA:382,112
DA:383,112
DA:384,4
DA:387,108
DA:388,4
DA:389,4
DA:392,104
DA:393,104
DA:395,104
DA:398,128
DA:401,128
DA:404,272
DA:406,272
DA:408,272
DA:410,520
DA:412,248
DA:415,272
DA:417,272
DA:420,152
DA:423,152
DA:424,152
DA:425,8
DA:428,144
DA:429,4
DA:432,140
DA:434,628
DA:436,492
DA:437,204
DA:441,288
DA:442,288
DA:444,288
DA:445,4
DA:449,136
DA:451,136
DA:454,124
DA:457,124
DA:460,152
DA:463,152
DA:464,152
DA:465,12
DA:468,140
DA:469,4
DA:472,136
DA:473,48
DA:474,48
DA:477,136
DA:479,136
DA:482,16
DA:485,16
DA:486,16
DA:487,4
DA:490,16
DA:493,16
DA:496,16
DA:497,8
DA:500,8
DA:502,8
DA:503,4
DA:506,4
DA:507,4
DA:509,4
DA:512,20
DA:517,20
DA:520,32
DA:522,20
DA:523,8
DA:527,12
DA:530,24
DA:533,24
DA:534,24
DA:535,8
DA:538,16
DA:539,4
DA:542,64
DA:544,60
DA:545,40
DA:549,48
DA:550,48
DA:552,48
DA:553,28
DA:556,20
DA:557,8
DA:561,4
DA:564,44
DA:569,44
DA:572,60
DA:574,24
DA:575,8
DA:579,36
DA:582,48
DA:585,48
DA:586,48
DA:587,8
DA:590,40
DA:591,4
DA:594,148
DA:596,120
DA:597,96
DA:601,28
DA:602,28
DA:604,28
DA:605,4
DA:608,24
DA:609,8
DA:613,28
DA:655,412
DA:657,412
DA:658,4
DA:661,644
DA:662,468
DA:663,4
DA:666,404
DA:668,404
DA:671,408
DA:673,408
DA:674,176
DA:678,232
DA:679,512
DA:681,280
DA:682,8
DA:686,232
DA:687,232
DA:690,204
DA:692,204
DA:693,204
DA:694,4
DA:697,200
DA:698,200
DA:699,76
DA:702,200
DA:705,136
DA:707,136
DA:708,4
DA:711,132
DA:712,132
DA:713,12
DA:714,12
DA:717,120
DA:720,76
DA:722,76
DA:723,4
DA:726,72
DA:727,72
DA:728,32
DA:729,32
DA:732,40
DA:735,0
DA:737,0
DA:738,0
DA:739,0
DA:745,0
DA:746,0
DA:747,0
DA:751,0
DA:752,0
DA:756,0
DA:757,0
DA:758,0
DA:761,0
DA:762,0
DA:763,0
DA:765,0
DA:766,0
DA:769,44
DA:771,44
DA:772,44
DA:773,4
DA:779,40
DA:780,40
DA:781,12
DA:785,28
DA:786,28
DA:790,28
DA:791,8
DA:792,8
DA:795,20
DA:796,20
DA:798,20
DA:799,44
DA:800,24
DA:801,24
DA:802,24
DA:805,20
DA:807,20
DA:808,20
DA:811,52
DA:813,52
DA:814,4
DA:817,48
DA:818,48
DA:819,12
DA:822,48
DA:825,204
DA:827,204
DA:828,204
DA:829,4
DA:832,200
DA:835,60
DA:837,60
DA:838,60
DA:839,8
DA:842,52
DA:845,312
DA:847,312
DA:848,312
DA:849,4
DA:852,308
DA:853,308
DA:854,56
DA:857,308
DA:860,256
DA:862,256
DA:863,256
DA:864,4
DA:867,252
DA:868,252
DA:869,64
DA:872,252
DA:875,28
DA:877,28
DA:878,28
DA:879,4
DA:883,24
DA:884,8
DA:885,8
DA:886,8
DA:889,16
DA:890,16
DA:892,16
DA:894,64
DA:895,48
DA:896,48
DA:897,48
DA:898,48
DA:902,16
DA:905,284
DA:907,284
DA:908,284
DA:909,4
DA:912,280
DA:913,280
DA:914,28
DA:917,280
DA:920,280
DA:922,280
DA:923,280
DA:924,4
DA:927,276
DA:928,276
DA:929,28
DA:932,276
DA:935,28
DA:937,28
DA:938,28
DA:939,4
DA:943,24
DA:944,8
DA:945,8
DA:946,8
DA:949,16
DA:951,16
DA:952,16
DA:953,16
DA:955,16
DA:956,16
DA:958,64
DA:959,48
DA:960,48
DA:961,48
DA:962,48
DA:963,48
DA:965,56
DA:967,8
DA:968,8
DA:969,8
DA:971,48
DA:972,48
DA:974,48
DA:975,48
DA:978,16
DA:980,16
DA:983,44
DA:985,44
DA:986,12
DA:989,32
DA:990,32
DA:991,24
DA:994,32
DA:997,52
DA:999,52
DA:1001,52
DA:1002,52
DA:1003,8
DA:1006,44
DA:1007,44
DA:1008,36
DA:1009,36
DA:1012,8
DA:1014,8
DA:1017,100
DA:1019,100
DA:1021,100
DA:1022,100
DA:1023,8
DA:1026,92
DA:1027,92
DA:1028,36
DA:1029,36
DA:1032,56
DA:1034,56
DA:1037,8
DA:1039,8
DA:1040,8
DA:1041,4
DA:1043,8
DA:1046,8
DA:1048,8
DA:1049,8
DA:1050,8
DA:1051,4
DA:1053,8
DA:1054,8
end_of_record
TN:
SF:/home/net-bielskusma/Documents/cgware/reverse/tmp/ext/cutils/src/arr.c
FN:6,arr_init
FNDA:776,arr_init
FN:26,arr_free
FNDA:748,arr_free
FN:39,arr_reset
FNDA:116,arr_reset
FN:54,arr_resize
FNDA:1716,arr_resize
FN:72,arr_add
FNDA:1720,arr_add
FN:90,arr_get
FNDA:37472,arr_get
FN:104,arr_set
FNDA:20,arr_set
FN:122,arr_addv
FNDA:56,arr_addv
FN:138,arr_addu
FNDA:60,arr_addu
FN:151,arr_find
FNDA:72,arr_find
FN:169,arr_find_cmp
FNDA:24,arr_find_cmp
FN:187,arr_add_all
FNDA:24,arr_add_all
FN:200,arr_add_unique
FNDA:28,arr_add_unique
FN:215,arr_merge_all
FNDA:24,arr_merge_all
FN:231,arr_merge_unique
FNDA:24,arr_merge_unique
FN:247,arr_sort
FNDA:80,arr_sort
FN:274,arr_print
FNDA:12,arr_print
DA:6,776
DA:8,776
DA:9,20
DA:12,756
DA:13,756
DA:14,20
DA:15,20
DA:18,736
DA:19,736
DA:20,736
DA:21,736
DA:23,736
DA:26,748
DA:28,748
DA:29,12
DA:32,736
DA:33,736
DA:34,736
DA:35,736
DA:36,736
DA:39,116
DA:41,116
DA:42,4
DA:45,112
DA:46,4
DA:49,112
DA:54,1716
DA:56,1716
DA:57,1228
DA:60,488
DA:61,488
DA:63,488
DA:64,68
DA:67,420
DA:69,420
DA:72,1720
DA:74,1720
DA:75,4
DA:78,1716
DA:79,68
DA:80,68
DA:83,1648
DA:84,1096
DA:87,1648
DA:90,37472
DA:92,37472
DA:93,8
DA:96,37464
DA:97,120
DA:98,120
DA:101,37344
DA:104,20
DA:106,20
DA:107,12
DA:110,8
DA:111,8
DA:112,4
DA:115,4
DA:116,4
DA:119,4
DA:122,56
DA:124,56
DA:125,4
DA:128,52
DA:129,52
DA:130,12
DA:133,40
DA:135,40
DA:138,60
DA:140,60
DA:141,4
DA:144,56
DA:145,16
DA:148,40
DA:151,72
DA:153,72
DA:154,8
DA:157,108
DA:158,68
DA:159,24
DA:160,16
DA:162,24
DA:166,40
DA:169,24
DA:171,24
DA:172,12
DA:175,24
DA:176,20
DA:177,8
DA:178,8
DA:180,8
DA:184,4
DA:187,24
DA:189,24
DA:190,8
DA:193,16
DA:195,16
DA:197,16
DA:200,28
DA:202,28
DA:203,8
DA:206,52
DA:207,36
DA:208,4
DA:212,16
DA:215,24
DA:217,24
DA:218,16
DA:221,8
DA:222,4
DA:225,4
DA:226,4
DA:228,4
DA:231,24
DA:233,24
DA:234,16
DA:237,8
DA:238,4
DA:241,4
DA:242,4
DA:244,4
DA:247,80
DA:249,80
DA:250,4
DA:253,76
DA:254,4
DA:258,72
DA:259,160
DA:262,88
DA:263,184
DA:265,96
DA:266,48
DA:271,72
DA:274,12
DA:276,12
DA:277,8
DA:280,4
DA:282,4
DA:283,16
DA:285,12
DA:288,4
end_of_record
TN:
SF:/home/net-bielskusma/Documents/cgware/reverse/tmp/ext/cutils/src/str.c
FN:6,strz
FNDA:92,strz
FN:20,strn
FNDA:16,strn
FN:43,strv
FNDA:20,strv
FN:61,strf
FNDA:12,strf
FN:70,str_free
FNDA:108,str_free
FN:83,str_zero
FNDA:8,str_zero
FN:93,str_resize
FNDA:120,str_resize
FN:113,str_cat
FNDA:76,str_cat
FN:130,str_to_upper
FNDA:8,str_to_upper
FN:147,str_replace
FNDA:72,str_replace
FN:194,str_replaces
FNDA:36,str_replaces
FN:209,str_rreplaces
FNDA:12,str_rreplaces
FN:222,str_subreplace
FNDA:12,str_subreplace
DA:6,92
DA:8,92
DA:9,92
DA:10,84
DA:13,92
DA:20,16
DA:22,16
DA:23,4
DA:26,12
DA:27,4
DA:30,8
DA:31,8
DA:32,8
DA:33,8
DA:36,8
DA:43,20
DA:45,20
DA:46,20
DA:47,20
DA:48,4
DA:51,16
DA:52,16
DA:53,16
DA:54,4
DA:57,12
DA:58,12
DA:61,12
DA:64,12
DA:65,12
DA:66,12
DA:67,12
DA:70,108
DA:72,108
DA:73,4
DA:76,104
DA:78,104
DA:79,104
DA:80,104
DA:83,8
DA:85,8
DA:86,4
DA:89,4
DA:90,4
DA:93,120
DA:95,120
DA:96,4
DA:99,116
DA:100,68
DA:103,48
DA:104,48
DA:105,24
DA:108,24
DA:109,24
DA:110,24
DA:113,76
DA:115,76
DA:116,8
DA:119,68
DA:120,8
DA:123,60
DA:124,60
DA:125,60
DA:127,60
DA:130,8
DA:132,8
DA:133,4
DA:136,4
DA:138,4
DA:139,20
DA:140,16
DA:142,4
DA:143,4
DA:144,4
DA:147,72
DA:149,72
DA:150,4
DA:153,68
DA:154,68
DA:157,940
DA:158,880
DA:159,840
DA:162,40
DA:163,4
DA:166,36
DA:167,36
DA:170,36
DA:171,204
DA:172,188
DA:174,20
DA:175,20
DA:176,8
DA:178,56
DA:179,44
DA:183,156
DA:184,128
DA:187,28
DA:188,28
DA:191,60
DA:194,36
DA:196,36
DA:197,16
DA:200,68
DA:201,52
DA:202,4
DA:206,16
DA:209,12
DA:211,12
DA:214,16
DA:215,8
DA:217,8
DA:219,4
DA:222,12
DA:224,12
DA:225,4
DA:228,8
DA:229,4
DA:232,4
DA:234,4
DA:236,4
end_of_record
TN:
SF:/home/net-bielskusma/Documents/cgware/reverse/tmp/ext/cutils/src/strv.c
FN:5,strv_cstr
FNDA:220,strv_cstr
FN:23,strv_eq
FNDA:1832,strv_eq
FN:38,strv_cmp
FNDA:116,strv_cmp
FN:57,strv_cmpn
FNDA:936,strv_cmpn
FN:76,strv_to_int
FNDA:52,strv_to_int
FN:108,strv_lsplit
FNDA:80,strv_lsplit
FN:131,strv_rsplit
FNDA:788,strv_rsplit
FN:154,strv_print
FNDA:8,strv_print
DA:5,220
DA:7,220
DA:8,4
DA:11,216
DA:16,880
DA:17,664
DA:20,216
DA:23,1832
DA:25,1832
DA:26,1080
DA:29,752
DA:30,4
DA:33,748
DA:38,116
DA:40,116
DA:41,4
DA:42,112
DA:43,8
DA:44,104
DA:45,8
DA:48,96
DA:50,96
DA:51,92
DA:54,4
DA:57,936
DA:59,936
DA:60,4
DA:61,932
DA:62,8
DA:63,924
DA:64,8
DA:67,916
DA:69,916
DA:70,912
DA:73,4
DA:76,52
DA:78,52
DA:79,8
DA:82,44
DA:83,44
DA:84,44
DA:85,44
DA:87,44
DA:88,4
DA:89,4
DA:92,88
DA:93,56
DA:94,12
DA:97,44
DA:98,44
DA:101,32
DA:102,32
DA:105,32
DA:108,80
DA:110,80
DA:111,8
DA:114,72
DA:116,136
DA:117,64
DA:120,72
DA:121,72
DA:124,72
DA:125,72
DA:128,72
DA:131,788
DA:133,788
DA:134,8
DA:137,780
DA:139,6004
DA:140,5224
DA:143,780
DA:144,780
DA:147,780
DA:148,172
DA:151,780
DA:154,8
DA:156,8
DA:157,4
DA:160,4
DA:162,32
DA:163,28
DA:164,28
DA:165,4
DA:166,4
DA:167,4
DA:168,4
DA:169,12
DA:173,4
end_of_record
TN:
SF:/home/net-bielskusma/Documents/cgware/reverse/tmp/ext/cutils/src/bin.c
FN:6,bin_init
FNDA:0,bin_init
FN:19,bin_free
FNDA:0,bin_free
FN:28,bin_resize
FNDA:0,bin_resize
FN:37,bin_cmp
FNDA:0,bin_cmp
FN:51,bin_add
FNDA:0,bin_add
FN:64,bin_get
FNDA:0,bin_get
FN:84,bin_get_int
FNDA:0,bin_get_int
DA:6,0
DA:8,0
DA:9,0
DA:12,0
DA:13,0
DA:16,0
DA:19,0
DA:21,0
DA:22,0
DA:25,0
DA:28,0
DA:30,0
DA:31,0
DA:34,0
DA:37,0
DA:39,0
DA:40,0
DA:43,0
DA:44,0
DA:47,0
DA:48,0
DA:51,0
DA:53,0
DA:54,0
DA:57,0
DA:58,0
DA:61,0
DA:64,0
DA:66,0
DA:67,0
DA:70,0
DA:71,0
DA:72,0
DA:75,0
DA:76,0
DA:79,0
DA:81,0
DA:84,0
DA:86,0
DA:87,0
DA:88,0
DA:91,0
DA:92,0
DA:93,0
DA:96,0
end_of_record
TN:
SF:/home/net-bielskusma/Documents/cgware/reverse/tmp/ext/cutils/src/path.c
FN:14,path_init
FNDA:1864,path_init
FN:19,path_init_s
FNDA:2020,path_init_s
FN:39,path_push
FNDA:160,path_push
FN:44,path_push_s
FNDA:228,path_push_s
FN:63,path_pop
FNDA:96,path_pop
FN:88,path_set_len
FNDA:8,path_set_len
FN:100,path_ends
FNDA:12,path_ends
FN:109,path_calc_rel
FNDA:76,path_calc_rel
FN:114,path_calc_rel_s
FNDA:84,path_calc_rel_s
FN:153,pathv_is_rel
FNDA:12,pathv_is_rel
FN:166,pathv_lsplit
FNDA:56,pathv_lsplit
FN:171,pathv_rsplit
FNDA:764,pathv_rsplit
FN:176,path_merge
FNDA:128,path_merge
DA:14,1864
DA:16,1864
DA:19,2020
DA:21,2020
DA:22,16
DA:25,2004
DA:26,22664
DA:27,20696
DA:28,20696
DA:32,2004
DA:34,2004
DA:36,2004
DA:39,160
DA:41,160
DA:44,228
DA:46,228
DA:47,16
DA:50,212
DA:51,124
DA:54,212
DA:56,212
DA:58,212
DA:60,212
DA:63,96
DA:65,96
DA:66,4
DA:69,92
DA:70,92
DA:71,92
DA:72,92
DA:75,148
DA:76,144
DA:77,144
DA:78,88
DA:79,88
DA:83,92
DA:85,92
DA:88,8
DA:90,8
DA:91,4
DA:94,4
DA:95,4
DA:97,4
DA:100,12
DA:102,12
DA:103,4
DA:106,8
DA:109,76
DA:111,76
DA:114,84
DA:116,84
DA:117,12
DA:120,72
DA:122,72
DA:124,180
DA:125,120
DA:126,12
DA:127,12
DA:130,108
DA:131,48
DA:135,72
DA:136,72
DA:137,16
DA:138,16
DA:141,152
DA:142,96
DA:143,28
DA:144,28
DA:145,28
DA:149,56
DA:150,56
DA:153,12
DA:155,12
DA:156,4
DA:162,8
DA:166,56
DA:168,56
DA:171,764
DA:173,764
DA:176,128
DA:178,128
DA:179,16
DA:182,112
DA:183,8
DA:184,8
DA:185,8
DA:188,104
DA:189,172
DA:190,140
DA:192,28
DA:193,28
DA:196,112
DA:198,12
DA:201,100
DA:203,12
DA:204,68
DA:207,88
DA:209,4
DA:210,4
DA:213,84
DA:215,24
DA:216,24
DA:219,60
DA:221,56
DA:222,56
DA:223,56
DA:227,4
DA:228,4
DA:231,104
DA:232,104
end_of_record
TN:
SF:/home/net-bielskusma/Documents/cgware/reverse/tmp/ext/cutils/src/schema.c
FN:9,schema_init
FNDA:40,schema_init
FN:25,schema_free
FNDA:36,schema_free
FN:62,schema_add_def
FNDA:48,schema_add_def
FN:123,schema_get_def
FNDA:60,schema_get_def
FN:138,schema_add_layout
FNDA:0,schema_add_layout
FN:164,schema_get_layout
FNDA:0,schema_get_layout
FN:179,schema_map_layout
FNDA:0,schema_map_layout
FN:241,schema_add_field
FNDA:0,schema_add_field
FN:280,schema_get_field
FNDA:0,schema_get_field
FN:300,schema_add_val
FNDA:48,schema_add_val
FN:329,schema_get_str
FNDA:0,schema_get_str
FN:338,schema_set_val
FNDA:0,schema_set_val
FN:362,schema_get_val
FNDA:0,schema_get_val
FN:382,bit_is_set
FNDA:0,bit_is_set
FN:387,schema_print_val
FNDA:0,schema_print_val
FN:463,schema_print_data
FNDA:0,schema_print_data
FN:492,layout_map_free
FNDA:0,layout_map_free
DA:9,40
DA:11,40
DA:12,4
DA:15,68
DA:16,64
DA:17,64
DA:18,32
DA:19,4
DA:22,32
DA:25,36
DA:27,36
DA:28,4
DA:32,32
DA:33,32
DA:35,0
DA:39,32
DA:40,60
DA:42,28
DA:43,16
DA:44,16
DA:45,12
DA:50,32
DA:51,32
DA:53,0
DA:56,32
DA:57,32
DA:58,32
DA:59,32
DA:62,48
DA:64,48
DA:65,4
DA:69,44
DA:70,44
DA:71,4
DA:75,40
DA:76,4
DA:77,4
DA:81,36
DA:82,4
DA:83,4
DA:84,4
DA:85,4
DA:86,4
DA:87,12
DA:88,12
DA:89,12
DA:90,12
DA:91,12
DA:92,12
DA:93,12
DA:94,12
DA:95,12
DA:96,12
DA:97,8
DA:98,8
DA:99,8
DA:100,8
DA:101,0
DA:103,8
DA:104,8
DA:107,36
DA:108,8
DA:109,8
DA:110,8
DA:113,28
DA:114,28
DA:116,28
DA:117,16
DA:120,28
DA:123,60
DA:125,60
DA:126,4
DA:129,56
DA:130,56
DA:131,12
DA:132,12
DA:135,44
DA:138,0
DA:140,0
DA:141,0
DA:145,0
DA:146,0
DA:147,0
DA:150,0
DA:151,0
DA:152,0
DA:155,0
DA:157,0
DA:158,0
DA:161,0
DA:164,0
DA:166,0
DA:167,0
DA:170,0
DA:171,0
DA:172,0
DA:173,0
DA:176,0
DA:179,0
DA:181,0
DA:182,0
DA:185,0
DA:186,0
DA:187,0
DA:190,0
DA:191,0
DA:192,0
DA:195,0
DA:196,0
DA:197,0
DA:200,0
DA:201,0
DA:204,0
DA:206,0
DA:207,0
DA:209,0
DA:210,0
DA:211,0
DA:212,0
DA:215,0
DA:217,0
DA:218,0
DA:220,0
DA:221,0
DA:222,0
DA:226,0
DA:227,0
DA:228,0
DA:230,0
DA:234,0
DA:235,0
DA:238,0
DA:241,0
DA:243,0
DA:244,0
DA:247,0
DA:248,0
DA:249,0
DA:252,0
DA:253,0
DA:254,0
DA:258,0
DA:259,0
DA:260,0
DA:263,0
DA:264,0
DA:266,0
DA:267,0
DA:268,0
DA:271,0
DA:273,0
DA:274,0
DA:277,0
DA:280,0
DA:282,0
DA:283,0
DA:286,0
DA:287,0
DA:288,0
DA:291,0
DA:292,0
DA:293,0
DA:294,0
DA:297,0
DA:300,48
DA:302,48
DA:303,8
DA:306,40
DA:307,40
DA:308,8
DA:312,32
DA:313,32
DA:314,8
DA:317,24
DA:318,8
DA:319,8
DA:322,16
DA:323,8
DA:326,16
DA:329,0
DA:331,0
DA:332,0
DA:335,0
DA:338,0
DA:340,0
DA:341,0
DA:344,0
DA:345,0
DA:347,0
DA:348,0
DA:351,0
DA:352,0
DA:354,0
DA:356,0
DA:357,0
DA:359,0
DA:362,0
DA:364,0
DA:365,0
DA:368,0
DA:369,0
DA:370,0
DA:373,0
DA:374,0
DA:375,0
DA:378,0
DA:379,0
DA:382,0
DA:384,0
DA:387,0
DA:389,0
DA:390,0
DA:393,0
DA:394,0
DA:395,0
DA:398,0
DA:399,0
DA:400,0
DA:403,0
DA:404,0
DA:405,0
DA:408,0
DA:412,0
DA:414,0
DA:415,0
DA:416,0
DA:418,0
DA:420,0
DA:421,0
DA:424,0
DA:425,0
DA:428,0
DA:430,0
DA:431,0
DA:433,0
DA:435,0
DA:436,0
DA:439,0
DA:440,0
DA:443,0
DA:445,0
DA:447,0
DA:450,0
DA:451,0
DA:453,0
DA:454,0
DA:455,0
DA:456,0
DA:460,0
DA:463,0
DA:465,0
DA:466,0
DA:469,0
DA:470,0
DA:471,0
DA:474,0
DA:476,0
DA:479,0
DA:480,0
DA:482,0
DA:483,0
DA:484,0
DA:485,0
DA:486,0
DA:489,0
DA:492,0
DA:494,0
DA:495,0
DA:498,0
end_of_record
TN:
SF:/home/net-bielskusma/Documents/cgware/reverse/tmp/ext/cutils/src/alloc.c
FN:6,alloc_alloc_std
FNDA:1196,alloc_alloc_std
FN:12,alloc_realloc_std
FNDA:1096,alloc_realloc_std
FN:27,alloc_free_std
FNDA:1156,alloc_free_std
DA:6,1196
DA:9,1196
DA:12,1096
DA:15,1096
DA:16,1096
DA:17,148
DA:18,148
DA:21,948
DA:22,948
DA:24,948
DA:27,1156
DA:30,1156
DA:31,1156
end_of_record
TN:
SF:/home/net-bielskusma/Documents/cgware/reverse/tmp/ext/cutils/src/list.c
FN:10,list_init
FNDA:212,list_init
FN:15,list_free
FNDA:208,list_free
FN:20,list_reset
FNDA:20,list_reset
FN:42,list_node
FNDA:968,list_node
FN:59,list_app
FNDA:176,list_app
FN:95,list_remove
FNDA:32,list_remove
FN:116,list_get
FNDA:3792,list_get
FN:131,list_get_next
FNDA:32748,list_get_next
FN:154,list_get_at
FNDA:24,list_get_at
FN:174,list_print
FNDA:16,list_print
FN:190,list_dbg
FNDA:8,list_dbg
DA:10,212
DA:12,212
DA:15,208
DA:17,208
DA:18,208
DA:20,20
DA:22,20
DA:23,4
DA:26,16
DA:27,4
DA:30,16
DA:33,16
DA:34,32
DA:36,16
DA:37,16
DA:42,968
DA:44,968
DA:45,4
DA:48,964
DA:49,964
DA:50,8
DA:51,8
DA:54,956
DA:56,956
DA:59,176
DA:61,176
DA:62,4
DA:65,172
DA:66,12
DA:67,12
DA:70,160
DA:71,4
DA:72,4
DA:75,156
DA:76,352
DA:78,212
DA:79,12
DA:80,12
DA:83,200
DA:84,200
DA:85,4
DA:86,4
DA:90,140
DA:92,140
DA:95,32
DA:97,32
DA:98,4
DA:101,28
DA:102,28
DA:103,8
DA:106,80
DA:107,60
DA:108,60
DA:109,12
DA:113,20
DA:116,3792
DA:118,3792
DA:119,4
DA:122,3788
DA:123,3788
DA:124,48
DA:125,48
DA:128,3740
DA:131,32748
DA:133,32748
DA:134,32748
DA:135,8
DA:138,32740
DA:139,32724
DA:142,32740
DA:143,32640
DA:146,100
DA:147,4
DA:148,4
DA:151,96
DA:154,24
DA:156,24
DA:157,4
DA:160,20
DA:161,20
DA:162,44
DA:163,24
DA:164,24
DA:167,20
DA:168,16
DA:171,20
DA:174,16
DA:176,16
DA:177,12
DA:180,4
DA:182,16
DA:184,12
DA:187,4
DA:190,8
DA:192,8
DA:193,4
DA:196,4
DA:198,4
DA:200,16
DA:202,12
DA:203,4
DA:205,8
DA:209,4
end_of_record
TN:
SF:/home/net-bielskusma/Documents/cgware/reverse/tmp/ext/cutils/src/strbuf.c
FN:5,strbuf_init
FNDA:104,strbuf_init
FN:19,strbuf_free
FNDA:96,strbuf_free
FN:29,strbuf_reset
FNDA:60,strbuf_reset
FN:53,strbuf_add
FNDA:184,strbuf_add
FN:76,strbuf_get
FNDA:140,strbuf_get
FN:97,strbuf_find
FNDA:12,strbuf_find
FN:119,strbuf_set
FNDA:16,strbuf_set
FN:148,strbuf_app
FNDA:16,strbuf_app
FN:174,cmp
FNDA:72,cmp
FN:179,strbuf_sort
FNDA:72,strbuf_sort
DA:5,104
DA:7,104
DA:8,4
DA:11,100
DA:12,8
DA:13,8
DA:16,92
DA:19,96
DA:21,96
DA:22,4
DA:25,92
DA:26,92
DA:29,60
DA:31,60
DA:32,4
DA:35,56
DA:36,4
DA:41,56
DA:42,4
DA:43,4
DA:44,4
DA:46,52
DA:49,56
DA:50,56
DA:53,184
DA:55,184
DA:56,4
DA:59,180
DA:61,180
DA:62,180
DA:63,20
DA:64,20
DA:67,160
DA:68,24
DA:69,24
DA:70,24
DA:73,136
DA:76,140
DA:78,140
DA:79,4
DA:82,136
DA:83,136
DA:84,4
DA:85,4
DA:88,132
DA:89,132
DA:90,4
DA:91,4
DA:94,128
DA:97,12
DA:99,12
DA:100,4
DA:103,8
DA:106,20
DA:108,16
DA:109,4
DA:110,4
DA:112,4
DA:116,4
DA:119,16
DA:121,16
DA:122,4
DA:125,12
DA:126,12
DA:127,4
DA:128,4
DA:131,8
DA:132,8
DA:134,8
DA:135,4
DA:136,4
DA:139,4
DA:140,8
DA:142,4
DA:145,4
DA:148,16
DA:150,16
DA:151,4
DA:154,12
DA:155,12
DA:156,4
DA:157,4
DA:160,8
DA:161,4
DA:162,4
DA:165,4
DA:166,8
DA:168,4
DA:171,4
DA:174,72
DA:176,72
DA:179,72
DA:181,72
DA:182,4
DA:185,68
DA:187,68
end_of_record
TN:
SF:/home/net-bielskusma/Documents/cgware/reverse/tmp/ext/cutils/tmp/ext/ctest/src/test.c
FN:51,t_get_data
FNDA:172,t_get_data
FN:56,t_set_data
FNDA:420,t_set_data
FN:61,t_printv
FNDA:6196,t_printv
FN:68,t_printf
FNDA:6192,t_printf
FN:77,t_wprintv
FNDA:80,t_wprintv
FN:84,t_wprintf
FNDA:80,t_wprintf
FN:93,t_set_priv
FNDA:4,t_set_priv
FN:98,t_setup
FNDA:4,t_setup
FN:103,t_teardown
FNDA:4,t_teardown
FN:108,t_set_dst
FNDA:16,t_set_dst
FN:115,t_set_wdst
FNDA:16,t_set_wdst
FN:122,t_get_priv
FNDA:4,t_get_priv
FN:127,pur
FNDA:144,pur
FN:133,pv
FNDA:1920,pv
FN:139,pvr
FNDA:1308,pvr
FN:145,t_init
FNDA:16,t_init
FN:162,t_finish
FNDA:24,t_finish
FN:178,t_run
FNDA:16,t_run
FN:198,t_start
FNDA:1176,t_start
FN:207,t_end
FNDA:1180,t_end
FN:243,t_cstart
FNDA:68,t_cstart
FN:247,t_cend
FNDA:68,t_cend
FN:260,t_sstart
FNDA:116,t_sstart
FN:273,t_send
FNDA:144,t_send
FN:288,t_scan
FNDA:52,t_scan
FN:297,t_strlen
FNDA:1664,t_strlen
FN:306,t_strcmp
FNDA:668,t_strcmp
FN:325,t_strncmp
FNDA:312,t_strncmp
FN:337,t_wstrcmp
FNDA:36,t_wstrcmp
FN:356,t_wstrncmp
FNDA:40,t_wstrncmp
FN:367,print_header
FNDA:436,print_header
FN:418,print_values
FNDA:44,print_values
FN:470,t_expect_ch
FNDA:4,t_expect_ch
FN:476,t_expect_g
FNDA:40,t_expect_g
FN:487,t_expect_m
FNDA:4,t_expect_m
FN:498,print_line
FNDA:104,print_line
FN:522,print_str
FNDA:52,print_str
FN:568,print_wline
FNDA:88,print_wline
FN:595,print_wstr
FNDA:44,print_wstr
FN:641,t_expect_str
FNDA:40,t_expect_str
FN:646,t_expect_strn
FNDA:4,t_expect_strn
FN:651,t_expect_fmt
FNDA:4,t_expect_fmt
FN:661,t_expect_wstr
FNDA:40,t_expect_wstr
FN:666,t_expect_wstrn
FNDA:4,t_expect_wstrn
FN:671,t_expect_fail
FNDA:4,t_expect_fail
FN:683,t_fprintf
FNDA:4,t_fprintf
FN:697,t_expect_fstr_start
FNDA:4,t_expect_fstr_start
FN:714,t_expect_fstr_end
FNDA:4,t_expect_fstr_end
DA:51,172
DA:53,172
DA:56,420
DA:58,420
DA:59,420
DA:61,6196
DA:63,6196
DA:64,6196
DA:65,6196
DA:68,6192
DA:71,6192
DA:72,6192
DA:73,6192
DA:74,6192
DA:77,80
DA:79,80
DA:80,80
DA:81,80
DA:84,80
DA:87,80
DA:88,80
DA:89,80
DA:90,80
DA:93,4
DA:95,4
DA:96,4
DA:98,4
DA:100,4
DA:101,4
DA:103,4
DA:105,4
DA:106,4
DA:108,16
DA:110,16
DA:111,16
DA:112,16
DA:115,16
DA:117,16
DA:118,16
DA:119,16
DA:122,4
DA:124,4
DA:127,144
DA:129,144
DA:130,144
DA:133,1920
DA:135,1920
DA:136,1920
DA:139,1308
DA:141,1308
DA:142,1308
DA:145,16
DA:147,16
DA:148,16
DA:150,16
DA:151,16
DA:152,16
DA:154,16
DA:155,16
DA:157,16
DA:159,16
DA:160,16
DA:162,24
DA:164,24
DA:165,16
DA:167,8
DA:169,8
DA:170,8
DA:173,24
DA:175,24
DA:178,16
DA:180,16
DA:181,16
DA:183,16
DA:184,4
DA:185,4
DA:188,16
DA:190,16
DA:191,4
DA:192,4
DA:195,16
DA:198,1176
DA:200,1176
DA:202,1176
DA:203,4
DA:205,1176
DA:207,1180
DA:209,1180
DA:210,4
DA:213,1180
DA:214,4
DA:215,4
DA:218,2484
DA:219,1308
DA:221,1176
DA:223,1176
DA:224,4
DA:226,8
DA:227,4
DA:229,4
DA:231,4
DA:233,4
DA:234,4
DA:237,1172
DA:239,1172
DA:240,1172
DA:243,68
DA:245,68
DA:247,68
DA:251,68
DA:252,4
DA:253,4
DA:256,64
DA:257,64
DA:260,116
DA:262,140
DA:263,24
DA:265,116
DA:266,108
DA:269,116
DA:270,116
DA:271,116
DA:273,144
DA:275,268
DA:276,124
DA:278,144
DA:279,144
DA:280,128
DA:282,16
DA:284,144
DA:285,144
DA:288,52
DA:291,52
DA:292,52
DA:293,52
DA:294,52
DA:297,1664
DA:299,1664
DA:300,45088
DA:301,43424
DA:303,1664
DA:306,668
DA:308,668
DA:309,12
DA:311,656
DA:312,8
DA:315,648
DA:316,648
DA:318,648
DA:319,8
DA:322,640
DA:325,312
DA:327,312
DA:328,4
DA:330,308
DA:331,12
DA:334,296
DA:337,36
DA:339,36
DA:340,4
DA:342,32
DA:343,8
DA:346,24
DA:347,24
DA:349,24
DA:350,8
DA:353,16
DA:356,40
DA:358,40
DA:359,4
DA:361,36
DA:362,12
DA:364,24
DA:367,436
DA:369,436
DA:370,24
DA:371,28
DA:372,4
DA:374,24
DA:375,24
DA:378,452
DA:379,16
DA:381,436
DA:383,436
DA:385,436
DA:386,412
DA:389,24
DA:418,44
DA:421,44
DA:422,44
DA:424,44
DA:426,44
DA:427,8
DA:428,8
DA:429,8
DA:431,8
DA:432,8
DA:434,4
DA:435,4
DA:436,4
DA:438,4
DA:439,4
DA:441,8
DA:442,8
DA:443,8
DA:445,8
DA:446,8
DA:448,8
DA:449,8
DA:450,8
DA:452,8
DA:453,8
DA:455,8
DA:456,8
DA:457,8
DA:459,8
DA:460,8
DA:462,8
DA:463,8
DA:464,8
DA:467,44
DA:468,44
DA:470,4
DA:472,4
DA:473,4
DA:474,4
DA:476,40
DA:480,40
DA:481,40
DA:482,40
DA:484,40
DA:485,40
DA:487,4
DA:491,4
DA:492,4
DA:493,4
DA:495,4
DA:496,4
DA:498,104
DA:500,104
DA:502,104
DA:503,104
DA:504,216
DA:505,112
DA:507,112
DA:508,16
DA:509,8
DA:510,8
DA:511,8
DA:512,72
DA:517,104
DA:519,104
DA:522,52
DA:525,52
DA:526,52
DA:527,52
DA:528,52
DA:529,52
DA:530,52
DA:532,124
DA:533,76
DA:534,76
DA:536,76
DA:538,76
DA:539,56
DA:540,8
DA:542,56
DA:543,8
DA:545,56
DA:546,4
DA:548,20
DA:549,4
DA:550,4
DA:551,4
DA:553,16
DA:557,52
DA:558,52
DA:561,52
DA:562,52
DA:564,52
DA:565,52
DA:566,52
DA:568,88
DA:571,88
DA:573,88
DA:574,88
DA:575,88
DA:576,168
DA:577,80
DA:579,80
DA:580,16
DA:581,8
DA:582,8
DA:583,8
DA:584,40
DA:588,88
DA:590,88
DA:592,88
DA:595,44
DA:598,44
DA:599,44
DA:600,44
DA:601,44
DA:602,44
DA:603,44
DA:605,84
DA:606,44
DA:607,44
DA:609,44
DA:611,44
DA:612,24
DA:613,8
DA:615,24
DA:616,8
DA:618,24
DA:619,4
DA:621,20
DA:622,4
DA:623,4
DA:624,4
DA:626,16
DA:630,44
DA:631,44
DA:634,44
DA:635,44
DA:637,44
DA:638,44
DA:639,44
DA:641,40
DA:643,40
DA:644,40
DA:646,4
DA:648,4
DA:649,4
DA:651,4
DA:654,4
DA:655,4
DA:656,4
DA:658,4
DA:659,4
DA:661,40
DA:663,40
DA:664,40
DA:666,4
DA:668,4
DA:669,4
DA:671,4
DA:673,4
DA:676,4
DA:677,4
DA:678,4
DA:680,4
DA:681,4
DA:683,4
DA:688,4
DA:689,4
DA:690,4
DA:692,4
DA:694,4
DA:697,4
DA:699,4
DA:700,4
DA:702,4
DA:703,4
DA:704,4
DA:705,4
DA:706,4
DA:710,4
DA:711,4
DA:712,4
DA:714,4
DA:716,4
DA:718,4
DA:719,4
DA:722,4
end_of_record
TN:
SF:/home/net-bielskusma/Documents/cgware/reverse/tmp/ext/cutils/tmp/ext/cbase/src/cproc.c
FN:10,cproc_system
FNDA:20,cproc_system
DA:10,20
DA:12,20
DA:14,20
DA:15,16
DA:18,20
end_of_record
TN:
SF:/home/net-bielskusma/Documents/cgware/reverse/tmp/ext/cutils/tmp/ext/cbase/src/cfs.c
FN:16,str_cpy
FNDA:92,str_cpy
FN:28,cfs_open
FNDA:272,cfs_open
FN:66,cfs_close
FNDA:168,cfs_close
FN:76,cfs_write
FNDA:40,cfs_write
FN:95,cfs_read
FNDA:28,cfs_read
FN:128,cfs_du
FNDA:32,cfs_du
FN:141,cfs_isdir
FNDA:276,cfs_isdir
FN:156,cfs_isfile
FNDA:536,cfs_isfile
FN:171,cfs_mkdir
FNDA:180,cfs_mkdir
FN:200,cfs_mkfile
FNDA:152,cfs_mkfile
FN:230,cfs_rmdir
FNDA:172,cfs_rmdir
FN:264,cfs_rmfile
FNDA:160,cfs_rmfile
FN:295,cfs_getcwd
FNDA:32,cfs_getcwd
FN:326,cfs_lsdir_begin
FNDA:64,cfs_lsdir_begin
FN:379,cfs_lsdir_next
FNDA:72,cfs_lsdir_next
FN:415,cfs_lsdir_end
FNDA:32,cfs_lsdir_end
FN:430,cfs_lsfile_begin
FNDA:88,cfs_lsfile_begin
FN:483,cfs_lsfile_next
FNDA:100,cfs_lsfile_next
FN:519,cfs_lsfile_end
FNDA:56,cfs_lsfile_end
DA:16,92
DA:18,444
DA:19,436
DA:20,436
DA:21,84
DA:25,8
DA:28,272
DA:30,272
DA:31,24
DA:34,248
DA:44,248
DA:47,248
DA:49,248
DA:55,168
DA:56,12
DA:57,12
DA:58,8
DA:60,48
DA:63,248
DA:66,168
DA:68,168
DA:69,8
DA:72,160
DA:73,160
DA:76,40
DA:78,40
DA:79,12
DA:82,28
DA:83,28
DA:84,28
DA:85,8
DA:86,8
DA:87,8
DA:89,8
DA:92,20
DA:95,28
DA:97,28
DA:98,8
DA:103,20
DA:107,20
DA:109,20
DA:110,8
DA:113,12
DA:114,4
DA:115,4
DA:119,4
DA:122,4
DA:125,8
DA:128,32
DA:130,32
DA:131,12
DA:134,20
DA:135,20
DA:136,20
DA:138,20
DA:141,276
DA:148,276
DA:149,84
DA:151,192
DA:156,536
DA:163,536
DA:164,176
DA:166,360
DA:171,180
DA:184,180
DA:185,180
DA:186,44
DA:187,44
DA:188,20
DA:189,4
DA:190,12
DA:191,8
DA:193,44
DA:197,136
DA:200,152
DA:216,152
DA:217,12
DA:220,140
DA:221,140
DA:222,40
DA:224,100
DA:227,100
DA:230,172
DA:245,172
DA:246,8
DA:249,164
DA:250,164
DA:251,28
DA:252,28
DA:253,16
DA:254,4
DA:255,8
DA:257,28
DA:261,136
DA:264,160
DA:278,160
DA:279,8
DA:282,152
DA:283,152
DA:284,24
DA:285,24
DA:286,20
DA:287,4
DA:289,24
DA:292,128
DA:295,32
DA:297,32
DA:298,8
DA:313,24
DA:314,24
DA:315,16
DA:316,16
DA:317,8
DA:318,8
DA:320,16
DA:323,8
DA:326,64
DA:328,64
DA:329,12
DA:366,52
DA:367,24
DA:368,24
DA:369,16
DA:370,8
DA:372,24
DA:375,28
DA:379,72
DA:381,72
DA:382,8
DA:391,168
DA:392,148
DA:394,148
DA:395,56
DA:400,92
DA:403,48
DA:406,44
DA:407,4
DA:410,40
DA:412,20
DA:415,32
DA:417,32
DA:418,4
DA:424,28
DA:427,28
DA:430,88
DA:432,88
DA:433,12
DA:470,76
DA:471,24
DA:472,24
DA:473,16
DA:474,8
DA:476,24
DA:479,52
DA:483,100
DA:485,100
DA:486,8
DA:495,224
DA:496,180
DA:498,180
DA:499,88
DA:504,92
DA:507,44
DA:510,48
DA:511,4
DA:514,44
DA:516,44
DA:519,56
DA:521,56
DA:522,4
DA:528,52
DA:531,52
end_of_record
TN:
SF:/home/net-bielskusma/Documents/cgware/reverse/tmp/ext/cutils/tmp/ext/cbase/src/mem_stats.c
FN:7,mem_stats_set
FNDA:44,mem_stats_set
FN:16,mem_stats_get
FNDA:44,mem_stats_get
FN:21,mem_stats_alloc
FNDA:1396,mem_stats_alloc
FN:33,mem_stats_realloc
FNDA:904,mem_stats_realloc
FN:46,mem_stats_free
FNDA:1300,mem_stats_free
DA:7,44
DA:9,44
DA:11,44
DA:13,44
DA:16,44
DA:18,44
DA:21,1396
DA:23,1396
DA:24,4
DA:27,1392
DA:28,1392
DA:29,1392
DA:30,1392
DA:33,904
DA:35,904
DA:36,4
DA:39,900
DA:40,900
DA:41,900
DA:42,900
DA:43,900
DA:46,1300
DA:48,1300
DA:49,4
DA:52,1296
end_of_record
TN:
SF:/home/net-bielskusma/Documents/cgware/reverse/tmp/ext/cutils/tmp/ext/cbase/src/cerr.c
FN:16,cerr_str
FNDA:424,cerr_str
DA:16,424
DA:18,424
DA:19,4
DA:22,424
end_of_record
TN:
SF:/home/net-bielskusma/Documents/cgware/reverse/tmp/ext/cutils/tmp/ext/cbase/src/wprint.c
FN:9,c_startw
FNDA:100,c_startw
FN:20,c_endw
FNDA:100,c_endw
FN:31,c_wprintv
FNDA:16,c_wprintv
FN:44,c_wprintf
FNDA:8,c_wprintf
FN:53,c_swprintv
FNDA:24,c_swprintv
FN:79,c_swprintf
FNDA:4,c_swprintf
DA:9,100
DA:11,100
DA:12,100
DA:16,100
DA:18,100
DA:20,100
DA:22,100
DA:23,100
DA:27,100
DA:29,100
DA:31,16
DA:33,16
DA:34,4
DA:38,12
DA:39,12
DA:40,12
DA:41,12
DA:44,8
DA:47,8
DA:48,8
DA:49,8
DA:50,8
DA:53,24
DA:55,24
DA:56,8
DA:59,16
DA:62,16
DA:70,16
DA:71,16
DA:72,16
DA:73,8
DA:76,8
DA:79,4
DA:82,4
DA:83,4
DA:84,4
DA:85,4
end_of_record
TN:
SF:/home/net-bielskusma/Documents/cgware/reverse/tmp/ext/cutils/tmp/ext/cbase/src/ctime.c
FN:21,get_time
FNDA:60,get_time
FN:41,c_time
FNDA:8,c_time
FN:47,c_time_str
FNDA:56,c_time_str
FN:69,c_sleep
FNDA:4,c_sleep
DA:21,60
DA:32,60
DA:33,60
DA:34,60
DA:35,60
DA:38,60
DA:41,8
DA:43,8
DA:44,8
DA:47,56
DA:49,56
DA:50,4
DA:54,52
DA:60,52
DA:63,52
DA:64,52
DA:66,52
DA:69,4
DA:76,4
DA:77,4
DA:78,4
DA:79,4
end_of_record
TN:
SF:/home/net-bielskusma/Documents/cgware/reverse/tmp/ext/cutils/tmp/ext/cbase/src/wdst.c
FN:10,wdputs_std
FNDA:4,wdputs_std
FN:17,wdputv_std
FNDA:8,wdputv_std
FN:24,wdputs_buf
FNDA:16,wdputs_buf
FN:39,wdputv_buf
FNDA:16,wdputv_buf
FN:45,wdputs
FNDA:24,wdputs
FN:50,wdputv
FNDA:108,wdputv
FN:55,wdputf
FNDA:28,wdputf
DA:10,4
DA:13,4
DA:14,4
DA:17,8
DA:20,8
DA:21,8
DA:24,16
DA:26,16
DA:27,12
DA:30,8
DA:31,4
DA:34,4
DA:36,4
DA:39,16
DA:41,16
DA:42,16
DA:45,24
DA:47,24
DA:50,108
DA:52,108
DA:55,28
DA:58,28
DA:59,28
DA:60,28
DA:61,28
end_of_record
TN:
SF:/home/net-bielskusma/Documents/cgware/reverse/tmp/ext/cutils/tmp/ext/cbase/src/dst.c
FN:9,dputs_std
FNDA:20,dputs_std
FN:15,dputv_std
FNDA:4260,dputv_std
FN:22,dputs_buf
FNDA:32828,dputs_buf
FN:37,dputv_buf
FNDA:2548,dputv_buf
FN:43,dputs
FNDA:32860,dputs
FN:48,dputv
FNDA:6972,dputv
FN:53,dputf
FNDA:732,dputf
DA:9,20
DA:12,20
DA:15,4260
DA:18,4260
DA:19,4260
DA:22,32828
DA:24,32828
DA:25,12
DA:28,101060
DA:29,68244
DA:32,32816
DA:34,32816
DA:37,2548
DA:39,2548
DA:40,2548
DA:43,32860
DA:45,32860
DA:48,6972
DA:50,6972
DA:53,732
DA:56,732
DA:57,732
DA:58,732
DA:59,732
end_of_record
TN:
SF:/home/net-bielskusma/Documents/cgware/reverse/tmp/ext/cutils/tmp/ext/cbase/src/print.c
FN:8,c_print_init
FNDA:12,c_print_init
FN:13,c_printv
FNDA:4276,c_printv
FN:26,c_printf
FNDA:16,c_printf
FN:35,c_sprintv
FNDA:2640,c_sprintv
FN:63,c_sprintf
FNDA:56,c_sprintf
DA:8,12
DA:10,12
DA:11,12
DA:13,4276
DA:15,4276
DA:16,4
DA:20,4272
DA:21,4272
DA:22,4272
DA:23,4272
DA:26,16
DA:29,16
DA:30,16
DA:31,16
DA:32,16
DA:35,2640
DA:37,2640
DA:38,12
DA:41,2628
DA:44,2628
DA:54,2628
DA:55,2628
DA:56,2628
DA:57,4
DA:60,2624
DA:63,56
DA:66,56
DA:67,56
DA:68,56
DA:69,56
end_of_record
